This file contains any messages produced by compilers while
running configure, to aid debugging if configure makes a mistake.

It was created by Darkbot configure 7f3(dev), which was
generated by GNU Autoconf 2.59.  Invocation command line was

  $ ./configure 

## --------- ##
## Platform. ##
## --------- ##

hostname = robbins
uname -m = i686
uname -r = 1.5.9(0.112/4/2)
uname -s = CYGWIN_NT-5.0
uname -v = 2004-03-18 23:05

/usr/bin/uname -p = unknown
/bin/uname -X     = unknown

/bin/arch              = unknown
/usr/bin/arch -k       = unknown
/usr/convex/getsysinfo = unknown
hostinfo               = unknown
/bin/machine           = unknown
/usr/bin/oslevel       = unknown
/bin/universe          = unknown

PATH: /usr/X11R6/bin
PATH: /usr/local/bin
PATH: /usr/bin
PATH: /bin
PATH: /cygdrive/c/WINNT/system32
PATH: /cygdrive/c/WINNT
PATH: /cygdrive/c/WINNT/System32/Wbem
PATH: /cygdrive/c/Program Files/SecureCRT 3.0
PATH: /cygdrive/c
PATH: /cygdrive/c/winnt
PATH: /cygdrive/c/winnt/system32
PATH: .
PATH: /usr/bin


## ----------- ##
## Core tests. ##
## ----------- ##

configure:1327: checking whether to enable maintainer-specific portions of Makefiles
configure:1336: result: no
configure:1396: checking for a BSD-compatible install
configure:1451: result: /usr/bin/install -c
configure:1462: checking whether build environment is sane
configure:1505: result: yes
configure:1538: checking for gawk
configure:1554: found /usr/bin/gawk
configure:1564: result: gawk
configure:1574: checking whether make sets $(MAKE)
configure:1594: result: yes
configure:1805: checking for gcc
configure:1821: found /usr/bin/gcc
configure:1831: result: gcc
configure:2075: checking for C compiler version
configure:2078: gcc --version </dev/null >&5
gcc (GCC) 3.3.1 (cygming special)
Copyright (C) 2003 Free Software Foundation, Inc.
This is free software; see the source for copying conditions.  There is NO
warranty; not even for MERCHANTABILITY or FITNESS FOR A PARTICULAR PURPOSE.

configure:2081: $? = 0
configure:2083: gcc -v </dev/null >&5
Reading specs from /usr/lib/gcc-lib/i686-pc-cygwin/3.3.1/specs
Configured with: /GCC/gcc-3.3.1-3/configure --with-gcc --with-gnu-ld --with-gnu-as --prefix=/usr --exec-prefix=/usr --sysconfdir=/etc --libdir=/usr/lib --libexecdir=/usr/sbin --mandir=/usr/share/man --infodir=/usr/share/info --enable-languages=c,ada,c++,f77,pascal,java,objc --enable-libgcj --enable-threads=posix --with-system-zlib --enable-nls --without-included-gettext --enable-interpreter --enable-sjlj-exceptions --disable-version-specific-runtime-libs --enable-shared --disable-win32-registry --enable-java-gc=boehm --disable-hash-synchronization --verbose --target=i686-pc-cygwin --host=i686-pc-cygwin --build=i686-pc-cygwin
Thread model: posix
gcc version 3.3.1 (cygming special)
configure:2086: $? = 0
configure:2088: gcc -V </dev/null >&5
gcc: `-V' option must have argument
configure:2091: $? = 1
configure:2114: checking for C compiler default output file name
configure:2117: gcc    conftest.c  >&5
configure:2120: $? = 0
configure:2166: result: a.exe
configure:2171: checking whether the C compiler works
configure:2177: ./a.exe
configure:2180: $? = 0
configure:2197: result: yes
configure:2204: checking whether we are cross compiling
configure:2206: result: no
configure:2209: checking for suffix of executables
configure:2211: gcc -o conftest.exe    conftest.c  >&5
configure:2214: $? = 0
configure:2239: result: .exe
configure:2245: checking for suffix of object files
configure:2266: gcc -c   conftest.c >&5
configure:2269: $? = 0
configure:2291: result: o
configure:2295: checking whether we are using the GNU C compiler
configure:2319: gcc -c   conftest.c >&5
configure:2325: $? = 0
configure:2329: test -z 
			 || test ! -s conftest.err
configure:2332: $? = 0
configure:2335: test -s conftest.o
configure:2338: $? = 0
configure:2351: result: yes
configure:2357: checking whether gcc accepts -g
configure:2378: gcc -c -g  conftest.c >&5
configure:2384: $? = 0
configure:2388: test -z 
			 || test ! -s conftest.err
configure:2391: $? = 0
configure:2394: test -s conftest.o
configure:2397: $? = 0
configure:2408: result: yes
configure:2425: checking for gcc option to accept ANSI C
configure:2495: gcc  -c -g -O2  conftest.c >&5
configure:2501: $? = 0
configure:2505: test -z 
			 || test ! -s conftest.err
configure:2508: $? = 0
configure:2511: test -s conftest.o
configure:2514: $? = 0
configure:2532: result: none needed
configure:2550: gcc -c -g -O2  conftest.c >&5
conftest.c:2: error: syntax error before "me"
configure:2556: $? = 1
configure: failed program was:
| #ifndef __cplusplus
|   choke me
| #endif
configure:2700: checking for style of include used by make
configure:2728: result: GNU
configure:2756: checking dependency style of gcc
configure:2839: result: gcc3
configure:2869: checking for a BSD-compatible install
configure:2924: result: /usr/bin/install -c
configure:2935: checking whether make sets $(MAKE)
configure:2955: result: yes
configure:2966: checking for rm
configure:2984: found /usr/bin/rm
configure:2996: result: /usr/bin/rm
configure:3005: checking for cp
configure:3023: found /usr/bin/cp
configure:3035: result: /usr/bin/cp
configure:3045: checking for main in -lcrypt
configure:3069: gcc -o conftest.exe -g -O2   conftest.c -lcrypt   >&5
configure:3075: $? = 0
configure:3079: test -z 
			 || test ! -s conftest.err
configure:3082: $? = 0
configure:3085: test -s conftest.exe
configure:3088: $? = 0
configure:3101: result: yes
configure:3113: checking for main in -luser32
configure:3137: gcc -o conftest.exe -g -O2   conftest.c -luser32  -lcrypt  >&5
configure:3143: $? = 0
configure:3147: test -z 
			 || test ! -s conftest.err
configure:3150: $? = 0
configure:3153: test -s conftest.exe
configure:3156: $? = 0
configure:3169: result: yes
configure:3186: checking how to run the C preprocessor
configure:3221: gcc -E  conftest.c
configure:3227: $? = 0
configure:3259: gcc -E  conftest.c
conftest.c:13:28: ac_nonexistent.h: No such file or directory
configure:3265: $? = 1
configure: failed program was:
| /* confdefs.h.  */
| 
| #define PACKAGE_NAME "Darkbot"
| #define PACKAGE_TARNAME "darkbot"
| #define PACKAGE_VERSION "7f3(dev)"
| #define PACKAGE_STRING "Darkbot 7f3(dev)"
| #define PACKAGE_BUGREPORT "ron@darkbot.org"
| #define PACKAGE "darkbot"
| #define VERSION "7f3(dev)"
| #define HAVE_LIBCRYPT 1
| #define HAVE_LIBUSER32 1
| /* end confdefs.h.  */
| #include <ac_nonexistent.h>
configure:3304: result: gcc -E
configure:3328: gcc -E  conftest.c
configure:3334: $? = 0
configure:3366: gcc -E  conftest.c
conftest.c:13:28: ac_nonexistent.h: No such file or directory
configure:3372: $? = 1
configure: failed program was:
| /* confdefs.h.  */
| 
| #define PACKAGE_NAME "Darkbot"
| #define PACKAGE_TARNAME "darkbot"
| #define PACKAGE_VERSION "7f3(dev)"
| #define PACKAGE_STRING "Darkbot 7f3(dev)"
| #define PACKAGE_BUGREPORT "ron@darkbot.org"
| #define PACKAGE "darkbot"
| #define VERSION "7f3(dev)"
| #define HAVE_LIBCRYPT 1
| #define HAVE_LIBUSER32 1
| /* end confdefs.h.  */
| #include <ac_nonexistent.h>
configure:3416: checking for egrep
configure:3426: result: grep -E
configure:3431: checking for ANSI C header files
configure:3456: gcc -c -g -O2  conftest.c >&5
configure:3462: $? = 0
configure:3466: test -z 
			 || test ! -s conftest.err
configure:3469: $? = 0
configure:3472: test -s conftest.o
configure:3475: $? = 0
configure:3561: gcc -o conftest.exe -g -O2   conftest.c -luser32 -lcrypt  >&5
configure:3564: $? = 0
configure:3566: ./conftest.exe
configure:3569: $? = 0
configure:3584: result: yes
configure:3608: checking for sys/types.h
configure:3624: gcc -c -g -O2  conftest.c >&5
configure:3630: $? = 0
configure:3634: test -z 
			 || test ! -s conftest.err
configure:3637: $? = 0
configure:3640: test -s conftest.o
configure:3643: $? = 0
configure:3654: result: yes
configure:3608: checking for sys/stat.h
configure:3624: gcc -c -g -O2  conftest.c >&5

## ---------------- ##
## Cache variables. ##
## ---------------- ##

ac_cv_c_compiler_gnu=yes
ac_cv_env_CC_set=
ac_cv_env_CC_value=
ac_cv_env_CFLAGS_set=
ac_cv_env_CFLAGS_value=
ac_cv_env_CPPFLAGS_set=
ac_cv_env_CPPFLAGS_value=
ac_cv_env_CPP_set=
ac_cv_env_CPP_value=
ac_cv_env_LDFLAGS_set=
ac_cv_env_LDFLAGS_value=
ac_cv_env_build_alias_set=
ac_cv_env_build_alias_value=
ac_cv_env_host_alias_set=
ac_cv_env_host_alias_value=
ac_cv_env_target_alias_set=
ac_cv_env_target_alias_value=
ac_cv_exeext=.exe
ac_cv_header_stdc=yes
ac_cv_header_sys_types_h=yes
ac_cv_lib_crypt_main=yes
ac_cv_lib_user32_main=yes
ac_cv_objext=o
ac_cv_path_CP=/usr/bin/cp
ac_cv_path_RM=/usr/bin/rm
ac_cv_path_install='/usr/bin/install -c'
ac_cv_prog_AWK=gawk
ac_cv_prog_CPP='gcc -E'
ac_cv_prog_ac_ct_CC=gcc
ac_cv_prog_cc_g=yes
ac_cv_prog_cc_stdc=
ac_cv_prog_egrep='grep -E'
ac_cv_prog_make_make_set=yes
am_cv_CC_dependencies_compiler_type=gcc3

## ----------------- ##
## Output variables. ##
## ----------------- ##


## ----------- ##
## confdefs.h. ##
## ----------- ##

#define HAVE_LIBCRYPT 1
#define HAVE_LIBUSER32 1
#define HAVE_SYS_TYPES_H 1
#define PACKAGE "darkbot"
#define PACKAGE_BUGREPORT "ron@darkbot.org"
#define PACKAGE_NAME "Darkbot"
#define PACKAGE_STRING "Darkbot 7f3(dev)"
#define PACKAGE_TARNAME "darkbot"
#define PACKAGE_VERSION "7f3(dev)"
#define STDC_HEADERS 1
#define VERSION "7f3(dev)"

configure: caught signal 2
configure: exit 1
PACKAGE_BUGREPORT='ron@darkbot.org'
PACKAGE_NAME='Darkbot'
PACKAGE_STRING='Darkbot 7f3(dev)'
PACKAGE_TARNAME='darkbot'
PACKAGE_VERSION='7f3(dev)'
PATH_SEPARATOR=':'
SHELL='/bin/bash'
bindir='${exec_prefix}/bin'
datadir='${prefix}/share'
exec_prefix='NONE'
libexecdir='${exec_prefix}/libexec'
prefix='NONE'
program_transform_name='s,x,x,'
sbindir='${exec_prefix}/sbin'
sysconfdir='${prefix}/etc'
